<?xml version="1.0" encoding="UTF-8"?>
<!-- Generated by org.testng.reporters.JUnitXMLReporter -->
<testsuite hostname="NZWGTNLP54" ignored="0" name="Test" tests="4" failures="1" timestamp="2020-03-05T10:35:57 NZDT" time="36.009" errors="0">
  <testcase name="openAutomationHomePage" time="0.006" classname="end2endframework.AutoPractiseHomeTest">
    <failure type="java.lang.NullPointerException">
      <![CDATA[java.lang.NullPointerException
at end2endframework.AutoPractiseHomeTest.openAutomationHomePage(AutoPractiseHomeTest.java:48)
at java.util.ArrayList.forEach(Unknown Source)
... Removed 27 stack frames]]>
    </failure>
  </testcase> <!-- openAutomationHomePage -->
  <testcase name="VerifyLogin" time="24.867" classname="end2endframework.LoginPageTest"/>
  <testcase name="VerifyCheckOutPageSteps" time="0.417" classname="end2endframework.LoginPageTest"/>
  <testcase name="VerifyCheckOutPageTableColumns" time="3.477" classname="end2endframework.LoginPageTest"/>
</testsuite> <!-- Test -->
