<?xml version="1.0" encoding="UTF-8"?>
<!-- Generated by org.testng.reporters.JUnitXMLReporter -->
<testsuite hostname="NZWGTNLP54" ignored="0" name="Test2" tests="4" failures="0" timestamp="2020-03-05T11:38:49 NZDT" time="75.198" errors="0">
  <testcase name="VerifyLogin" time="22.078" classname="end2endframework.LoginPageTest"/>
  <testcase name="VerifyCheckOutPageSteps" time="0.381" classname="end2endframework.LoginPageTest"/>
  <testcase name="VerifyCheckOutPageTableColumns" time="2.024" classname="end2endframework.LoginPageTest"/>
  <testcase name="VerifyAddressblock" time="37.738" classname="end2endframework.LoginPageTest"/>
</testsuite> <!-- Test2 -->
