<?xml version="1.0" encoding="UTF-8"?>
<!-- Generated by org.testng.reporters.JUnitXMLReporter -->
<testsuite hostname="NZWGTNLP54" ignored="0" name="Test" tests="3" failures="0" timestamp="2020-02-25T15:03:47 NZDT" time="52.909" errors="0">
  <testcase name="VerifyTitle" time="0.323" classname="end2endframework.VerifyHeading"/>
  <testcase name="openhomepage" time="17.902" classname="end2endframework.HomePageTest"/>
  <testcase name="openhomepage" time="12.373" classname="end2endframework.HomePageTest"/>
</testsuite> <!-- Test -->
