<?xml version="1.0" encoding="UTF-8"?>
<testsuite xmlns:xsi="http://www.w3.org/2001/XMLSchema-instance" xsi:noNamespaceSchemaLocation="https://maven.apache.org/surefire/maven-surefire-plugin/xsd/surefire-test-report-3.0.xsd" version="3.0" name="TestSuite" time="73.24" tests="6" errors="0" skipped="0" failures="0">
  <properties>
[...]
</properties>
  <testcase name="VerifyLogin" classname="end2endframework.LoginPageTest" time="19.783"/>
  <testcase name="VerifySummaryStep" classname="end2endframework.LoginPageTest" time="0.431"/>
  <testcase name="VerifyCheckOutPageTableColumns" classname="end2endframework.LoginPageTest" time="3.128"/>
  <testcase name="VerifyAddressblock" classname="end2endframework.LoginPageTest" time="4.191"/>
  <testcase name="Verifyshipping" classname="end2endframework.LoginPageTest" time="15.871"/>
  <testcase name="VerifyPayment" classname="end2endframework.LoginPageTest" time="8.636"/>
</testsuite>